<?xml version="1.0" encoding="UTF-8"?>
<!-- Generated by org.testng.reporters.JUnitReportReporter -->
<testsuite hostname="LIN24006467" failures="0" tests="3" name="com.browserstack.LocalTest" time="37.543" errors="0" timestamp="2022-09-18T12:39:47 IST" skipped="0">
  <testcase classname="com.browserstack.LocalTest" name="test" time="14.716"/>
  <system-out/>
  <testcase classname="com.browserstack.LocalTest" name="test" time="12.160"/>
  <system-out/>
  <testcase classname="com.browserstack.LocalTest" name="test" time="10.667"/>
  <system-out/>
</testsuite> <!-- com.browserstack.LocalTest -->
